0
2.1011e-07
134
1
1.97587e-07
134
2
2.08334e-07
136
3
9.1083e-08
134
4
2.53694e-07
136
5
2.41838e-07
134
6
4.77305e-07
129
7
1.74276e-07
122
8
7.77815e-08
108
9
3.4848e-07
118
10
7.7876e-08
129
11
2.38201e-07
135
12
2.21685e-07
97
13
2.15616e-07
118
14
1.45633e-07
133
15
1.34828e-07
129
16
4.1635e-07
130
17
9.15905e-08
125
18
2.23971e-07
130
19
2.44025e-07
104
20
3.45899e-07
101
21
4.88325e-07
134
22
6.35264e-08
130
23
2.31124e-07
132
24
1.26504e-07
130
25
1.24703e-07
126
26
1.21546e-07
132
27
3.66103e-07
131
28
2.36599e-07
129
29
2.25658e-07
137
30
1.54327e-07
104
31
3.21096e-07
120
32
4.65872e-07
116
33
5.82433e-07
119
34
4.56539e-07
100
35
1.20522e-07
127
36
1.20086e-07
135
37
2.04739e-07
132
38
2.88976e-07
135
39
2.20495e-07
121
40
2.16148e-07
115
41
1.5421e-07
102
42
4.33061e-07
107
43
2.47161e-08
107
44
1.06268e-07
133
45
2.14875e-07
117
46
3.00596e-07
131
47
1.15511e-07
48
48
1.04785e-07
134
49
1.67065e-07
135
50
1.17378e-07
125
51
1.54886e-07
120
52
1.92063e-07
135
53
3.01453e-07
126
54
1.44995e-07
114
55
2.80686e-08
102
56
2.66936e-07
125
57
9.73049e-08
114
58
2.37394e-07
106
59
1.42979e-07
131
60
2.5927e-07
123
61
6.06006e-08
83
62
3.24957e-07
122
63
4.99461e-07
111
64
4.46756e-07
124
65
2.64713e-07
131
66
7.34769e-08
136
67
5.15268e-08
107
68
4.70103e-07
107
69
2.92112e-07
125
70
3.42844e-07
137
71
2.83567e-07
136
72
3.00733e-07
112
73
1.26151e-07
136
74
1.22541e-07
49
75
2.8228e-07
135
76
3.24041e-07
126
77
2.69392e-07
104
78
2.29263e-07
98
79
1.05869e-07
112
80
1.85864e-07
131
81
3.67357e-07
135
82
5.11863e-08
135
83
5.20514e-07
115
84
2.92735e-07
110
85
1.49407e-07
123
86
3.39997e-07
129
87
2.66697e-07
132
88
2.10751e-07
124
89
7.64882e-08
132
90
5.95547e-07
120
91
1.0983e-07
131
92
2.52342e-08
105
93
3.8091e-07
105
94
2.71197e-07
132
95
3.54265e-07
105
96
3.82827e-07
129
97
4.39675e-07
107
98
1.45127e-07
107
99
1.17073e-07
135
100
2.95772e-07
111
101
2.77519e-07
136
102
1.72107e-07
120
103
2.63574e-07
132
104
1.13006e-07
119
105
4.46128e-07
115
106
2.11685e-07
125
107
4.42573e-07
127
108
9.72516e-08
136
109
4.61964e-07
126
110
3.02614e-08
104
111
3.0668e-08
95
112
1.40043e-07
124
113
3.27571e-07
101
114
3.47845e-07
128
115
3.49619e-07
136
116
1.3307e-07
119
117
2.8131e-07
129
118
7.18403e-08
136
119
3.58958e-07
133
120
3.86997e-07
114
121
3.78188e-07
134
122
1.61909e-07
125
123
2.12073e-07
132
124
1.75875e-07
130
125
9.3307e-09
119
126
9.71825e-08
135
127
2.20798e-07
134
128
4.88666e-07
130
129
2.22487e-07
126
130
1.66977e-07
135
131
5.86057e-07
131
132
2.37707e-07
118
133
3.46306e-07
133
134
2.01303e-07
120
135
1.38725e-07
133
136
1.18978e-07
131
137
1.81787e-07
123
138
2.30645e-07
121
139
1.12573e-07
127
140
3.17623e-07
127
141
1.49801e-07
87
142
1.79979e-07
123
143
1.2592e-07
125
144
3.15071e-07
102
145
3.48178e-07
131
146
7.35018e-08
112
147
1.24558e-07
118
148
1.883e-07
106
149
7.24435e-08
130
150
2.68482e-07
115
151
5.75103e-08
128
152
2.63999e-07
126
153
4.36059e-07
130
154
3.72053e-07
108
155
1.65877e-07
128
156
9.28386e-08
123
157
2.26569e-07
124
158
3.72589e-07
124
159
4.16064e-07
121
160
1.25388e-07
106
161
5.32545e-07
131
162
4.46577e-08
122
163
1.00822e-07
124
164
2.34929e-07
124
165
-2.60223e-14
97
166
8.68772e-08
120
167
2.71007e-07
112
168
1.83833e-07
123
169
1.59662e-07
113
170
2.27456e-07
118
171
3.07516e-07
30
172
1.80788e-07
103
173
2.55679e-07
132
174
3.30804e-07
115
175
4.30809e-07
113
176
1.76492e-08
102
177
1.8611e-07
135
178
1.83661e-07
132
179
3.99454e-07
134
180
3.16439e-07
131
181
3.02013e-07
120
182
1.71372e-07
116
183
1.60976e-07
83
184
3.7297e-07
83
185
3.26309e-07
127
186
1.70231e-07
128
187
5.05979e-08
125
188
3.22353e-07
124
189
2.5062e-07
129
190
2.36974e-07
125
191
1.64396e-07
109
192
7.48769e-08
122
193
2.39925e-07
116
194
2.46449e-07
117
195
2.07548e-07
132
196
1.1028e-07
118
197
6.00897e-08
122
198
3.64251e-07
120
199
1.2026e-07
83
200
5.84928e-07
109
201
1.89474e-07
116
202
3.15017e-07
132
203
8.10898e-08
135
204
3.99651e-07
126
205
8.75405e-08
126
206
7.97672e-08
136
207
3.5109e-08
128
208
2.04225e-08
135
209
2.04743e-07
130
210
2.06712e-07
48
211
2.27977e-07
115
212
1.51591e-07
100
213
1.32309e-07
133
214
2.70591e-07
98
215
2.13945e-07
98
216
7.06626e-08
135
217
3.10485e-07
134
218
2.85805e-07
99
219
3.20863e-07
109
220
3.01834e-07
123
221
2.44212e-07
122
222
1.46986e-07
134
223
1.2623e-07
129
224
1.41899e-07
134
225
4.31229e-07
135
226
6.80744e-08
119
227
5.13864e-07
92
228
3.86713e-07
136
229
3.0318e-08
102
230
2.29948e-07
131
231
1.19847e-07
81
232
1.84092e-08
127
233
3.54924e-07
118
234
3.95021e-07
116
235
4.88324e-07
118
236
2.95117e-07
103
237
3.30715e-07
98
238
8.45536e-08
136
239
3.22833e-07
136
240
1.60113e-07
118
241
6.43546e-08
98
242
2.78109e-07
106
243
3.28679e-07
134
244
2.70094e-07
94
245
8.57285e-08
115
246
3.43547e-07
132
247
2.18115e-07
135
248
3.78143e-07
114
249
4.79747e-07
96
250
4.59098e-08
134
251
5.32693e-08
131
252
1.49683e-07
125
253
6.18214e-07
97
254
2.66966e-07
134
255
4.13855e-07
130
256
3.16702e-07
132
257
1.41329e-07
135
258
2.60333e-07
135
259
2.42121e-07
121
260
2.01073e-07
91
261
1.87893e-07
134
262
8.47084e-08
128
263
4.28597e-07
77
264
1.33713e-07
131
265
3.93527e-07
126
266
3.66988e-07
129
267
3.12818e-07
112
268
2.74033e-07
132
269
2.41933e-07
121
270
9.8166e-08
120
271
1.55228e-07
126
272
4.14414e-07
114
273
5.0256e-07
106
274
2.71774e-07
135
275
2.55102e-07
125
276
3.20609e-07
127
277
4.98342e-07
117
278
2.1985e-07
134
279
2.80665e-07
104
280
6.41374e-08
119
281
3.88961e-07
119
282
1.22304e-07
127
283
2.36051e-07
124
284
2.63491e-07
98
285
2.76687e-07
135
286
2.06026e-07
131
287
2.82914e-07
131
288
1.93507e-07
134
289
4.27055e-07
127
290
1.60031e-07
132
291
3.87693e-07
136
292
9.55998e-07
127
293
5.43608e-07
134
294
1.283e-06
136
295
2.25001e-06
135
296
1.13033e-06
136
297
4.44096e-06
136
298
2.24161e-05
136
299
3.71169e-05
135
300
5.3481e-05
135
301
7.4415e-05
135
302
0.000101112
135
303
0.000128107
135
304
0.000159523
135
305
0.00019546
135
306
0.000231382
135
307
0.000261228
135
308
0.000289397
135
309
0.000315507
135
310
0.000331557
136
311
0.000352548
135
312
0.0341167
131
313
0.24308
131
314
4.74134
137
315
86.1334
137
316
4251.8
137
317
101866
137
318
6.53997e+06
137
319
2.41056e+08
137
320
2.10081e+10
137
321
9.98151e+11
137
322
1.08369e+14
137
323
6.44315e+15
137
324
8.04166e+17
137
325
5.48888e+19
137
326
7.76292e+21
137
327
5.9425e+23
137
328
9.18019e+25
137
329
8.01296e+27
137
330
1.37066e+30
137
331
1.30631e+32
137
332
2.30274e+34
137
333
2.33536e+36
137
334
4.23415e+38
137
335
4.4749e+40
137
336
8.12754e+42
137
